2024-10-03 13:24:26,843 DEBUG    root            Loaded Command Group: ['gcloud', 'components']
2024-10-03 13:24:26,845 DEBUG    root            Loaded Command Group: ['gcloud', 'components', 'update']
2024-10-03 13:24:26,848 DEBUG    root            Running [gcloud.components.update] with arguments: [--quiet: "True", COMPONENT-IDS:8: "['gcloud', 'core', 'bq', 'gsutil', 'compute', 'preview', 'alpha', 'beta']"]
2024-10-03 13:24:26,849 INFO     ___FILE_ONLY___ Beginning update. This process may take several minutes.

2024-10-03 13:24:26,859 DEBUG    urllib3.connectionpool Starting new HTTPS connection (1): dl.google.com:443
2024-10-03 13:24:26,991 DEBUG    urllib3.connectionpool https://dl.google.com:443 "GET /dl/cloudsdk/channels/rapid/components-2.json HTTP/1.1" 200 227002
2024-10-03 13:24:27,008 WARNING  root            Component [compute] no longer exists.
2024-10-03 13:24:27,008 WARNING  root            Component [preview] no longer exists.
2024-10-03 13:24:27,009 INFO     ___FILE_ONLY___ 

2024-10-03 13:24:27,009 INFO     ___FILE_ONLY___ 
Your current Google Cloud CLI version is: 495.0.0

2024-10-03 13:24:27,010 INFO     ___FILE_ONLY___ Installing components from version: 495.0.0

2024-10-03 13:24:27,010 INFO     ___FILE_ONLY___ 

2024-10-03 13:24:27,010 DEBUG    root            Chosen display Format:table[box,title="These components will be removed."](details.display_name:label=Name:align=left,version.version_string:label=Version:align=right,data.size.size(zero="",min=1048576):label=Size:align=right)
2024-10-03 13:24:27,011 DEBUG    root            Chosen display Format:table[box,title="These components will be updated."](details.display_name:label=Name:align=left,version.version_string:label=Version:align=right,data.size.size(zero="",min=1048576):label=Size:align=right)
2024-10-03 13:24:27,011 DEBUG    root            Chosen display Format:table[box,title="These components will be installed."](details.display_name:label=Name:align=left,version.version_string:label=Version:align=right,data.size.size(zero="",min=1048576):label=Size:align=right)
2024-10-03 13:24:27,029 INFO     ___FILE_ONLY___ ┌──────────────────────────────────────────────┐
2024-10-03 13:24:27,029 INFO     ___FILE_ONLY___ 

2024-10-03 13:24:27,030 INFO     ___FILE_ONLY___ │     These components will be installed.      │
2024-10-03 13:24:27,030 INFO     ___FILE_ONLY___ 

2024-10-03 13:24:27,030 INFO     ___FILE_ONLY___ ├───────────────────────┬────────────┬─────────┤
2024-10-03 13:24:27,030 INFO     ___FILE_ONLY___ 

2024-10-03 13:24:27,030 INFO     ___FILE_ONLY___ │          Name         │  Version   │   Size  │
2024-10-03 13:24:27,030 INFO     ___FILE_ONLY___ 

2024-10-03 13:24:27,030 INFO     ___FILE_ONLY___ ├───────────────────────┼────────────┼─────────┤
2024-10-03 13:24:27,030 INFO     ___FILE_ONLY___ 

2024-10-03 13:24:27,030 INFO     ___FILE_ONLY___ │ 
2024-10-03 13:24:27,030 INFO     ___FILE_ONLY___ gcloud Alpha Commands
2024-10-03 13:24:27,030 INFO     ___FILE_ONLY___  
2024-10-03 13:24:27,030 INFO     ___FILE_ONLY___ │ 
2024-10-03 13:24:27,030 INFO     ___FILE_ONLY___ 2024.09.27
2024-10-03 13:24:27,030 INFO     ___FILE_ONLY___  
2024-10-03 13:24:27,030 INFO     ___FILE_ONLY___ │ 
2024-10-03 13:24:27,031 INFO     ___FILE_ONLY___ < 1 MiB
2024-10-03 13:24:27,031 INFO     ___FILE_ONLY___  
2024-10-03 13:24:27,031 INFO     ___FILE_ONLY___ │
2024-10-03 13:24:27,031 INFO     ___FILE_ONLY___ 

2024-10-03 13:24:27,031 INFO     ___FILE_ONLY___ │ 
2024-10-03 13:24:27,031 INFO     ___FILE_ONLY___ gcloud Beta Commands 
2024-10-03 13:24:27,031 INFO     ___FILE_ONLY___  
2024-10-03 13:24:27,031 INFO     ___FILE_ONLY___ │ 
2024-10-03 13:24:27,031 INFO     ___FILE_ONLY___ 2024.09.27
2024-10-03 13:24:27,031 INFO     ___FILE_ONLY___  
2024-10-03 13:24:27,031 INFO     ___FILE_ONLY___ │ 
2024-10-03 13:24:27,031 INFO     ___FILE_ONLY___ < 1 MiB
2024-10-03 13:24:27,031 INFO     ___FILE_ONLY___  
2024-10-03 13:24:27,031 INFO     ___FILE_ONLY___ │
2024-10-03 13:24:27,031 INFO     ___FILE_ONLY___ 

2024-10-03 13:24:27,031 INFO     ___FILE_ONLY___ └───────────────────────┴────────────┴─────────┘
2024-10-03 13:24:27,032 INFO     ___FILE_ONLY___ 

2024-10-03 13:24:27,032 INFO     ___FILE_ONLY___ 

2024-10-03 13:24:27,035 DEBUG    urllib3.connectionpool Starting new HTTPS connection (1): dl.google.com:443
2024-10-03 13:24:27,165 DEBUG    urllib3.connectionpool https://dl.google.com:443 "GET /dl/cloudsdk/channels/rapid/RELEASE_NOTES HTTP/1.1" 200 1281712
2024-10-03 13:24:27,202 INFO     ___FILE_ONLY___ For the latest full release notes, please visit:
  https://cloud.google.com/sdk/release_notes


2024-10-03 13:24:27,203 INFO     ___FILE_ONLY___ Performing in place update...


2024-10-03 13:24:27,205 INFO     ___FILE_ONLY___ ╔════════════════════════════════════════════════════════════╗

2024-10-03 13:24:27,205 INFO     ___FILE_ONLY___ ╠═ Downloading: gcloud Alpha Commands                       ═╣

2024-10-03 13:24:27,205 INFO     ___FILE_ONLY___ ╚
2024-10-03 13:24:27,208 DEBUG    urllib3.connectionpool Starting new HTTPS connection (1): dl.google.com:443
2024-10-03 13:24:27,282 DEBUG    urllib3.connectionpool https://dl.google.com:443 "GET /dl/cloudsdk/channels/rapid/components/google-cloud-sdk-alpha-20240927140238.tar.gz HTTP/1.1" 200 800
2024-10-03 13:24:27,282 INFO     ___FILE_ONLY___ ════════════════════════════════════════════════════════════
2024-10-03 13:24:27,282 INFO     ___FILE_ONLY___ ╝

2024-10-03 13:24:27,284 INFO     ___FILE_ONLY___ ╔════════════════════════════════════════════════════════════╗

2024-10-03 13:24:27,284 INFO     ___FILE_ONLY___ ╠═ Downloading: gcloud Beta Commands                        ═╣

2024-10-03 13:24:27,284 INFO     ___FILE_ONLY___ ╚
2024-10-03 13:24:27,287 DEBUG    urllib3.connectionpool Starting new HTTPS connection (1): dl.google.com:443
2024-10-03 13:24:27,442 DEBUG    urllib3.connectionpool https://dl.google.com:443 "GET /dl/cloudsdk/channels/rapid/components/google-cloud-sdk-beta-20240927140238.tar.gz HTTP/1.1" 200 797
2024-10-03 13:24:27,443 INFO     ___FILE_ONLY___ ════════════════════════════════════════════════════════════
2024-10-03 13:24:27,443 INFO     ___FILE_ONLY___ ╝

2024-10-03 13:24:27,445 INFO     ___FILE_ONLY___ ╔════════════════════════════════════════════════════════════╗

2024-10-03 13:24:27,445 INFO     ___FILE_ONLY___ ╠═ Installing: gcloud Alpha Commands                        ═╣

2024-10-03 13:24:27,445 INFO     ___FILE_ONLY___ ╚
2024-10-03 13:24:27,446 INFO     ___FILE_ONLY___ ════════════════════════════════════════════════════════════
2024-10-03 13:24:27,446 INFO     ___FILE_ONLY___ ╝

2024-10-03 13:24:27,453 INFO     ___FILE_ONLY___ ╔════════════════════════════════════════════════════════════╗

2024-10-03 13:24:27,454 INFO     ___FILE_ONLY___ ╠═ Installing: gcloud Beta Commands                         ═╣

2024-10-03 13:24:27,454 INFO     ___FILE_ONLY___ ╚
2024-10-03 13:24:27,454 INFO     ___FILE_ONLY___ ════════════════════════════════════════════════════════════
2024-10-03 13:24:27,454 INFO     ___FILE_ONLY___ ╝

2024-10-03 13:24:27,462 DEBUG    root            Updating notification cache...
2024-10-03 13:24:27,462 INFO     ___FILE_ONLY___ 

2024-10-03 13:24:27,464 INFO     ___FILE_ONLY___ Performing post processing steps...
2024-10-03 13:24:27,464 DEBUG    root            Executing command: ['/tools/google-cloud-sdk/bin/gcloud', 'components', 'post-process']
2024-10-03 13:24:37,163 DEBUG    ___FILE_ONLY___ 
2024-10-03 13:24:37,163 DEBUG    ___FILE_ONLY___ 
2024-10-03 13:24:37,238 INFO     ___FILE_ONLY___ 
Update done!


2024-10-03 13:24:37,241 DEBUG    root            Chosen display Format:none
2024-10-03 13:24:37,242 INFO     root            Display format: "none"
