2024-10-03 13:24:07,930 DEBUG    root            Loaded Command Group: ['gcloud', 'components']
2024-10-03 13:24:07,933 DEBUG    root            Loaded Command Group: ['gcloud', 'components', 'update']
2024-10-03 13:24:07,936 DEBUG    root            Running [gcloud.components.update] with arguments: [--compile-python: "True", --quiet: "True", COMPONENT-IDS:6: "['core', 'gcloud-deps', 'bq', 'gcloud', 'gcloud-crc32c', 'gsutil']"]
2024-10-03 13:24:07,937 INFO     ___FILE_ONLY___ Beginning update. This process may take several minutes.

2024-10-03 13:24:07,967 DEBUG    urllib3.connectionpool Starting new HTTPS connection (1): dl.google.com:443
2024-10-03 13:24:08,110 DEBUG    urllib3.connectionpool https://dl.google.com:443 "GET /dl/cloudsdk/channels/rapid/components-2.json HTTP/1.1" 200 227002
2024-10-03 13:24:08,126 INFO     ___FILE_ONLY___ 

2024-10-03 13:24:08,126 INFO     ___FILE_ONLY___ 
Your current Google Cloud CLI version is: 495.0.0

2024-10-03 13:24:08,126 INFO     ___FILE_ONLY___ Installing components from version: 495.0.0

2024-10-03 13:24:08,126 INFO     ___FILE_ONLY___ 

2024-10-03 13:24:08,126 DEBUG    root            Chosen display Format:table[box,title="These components will be removed."](details.display_name:label=Name:align=left,version.version_string:label=Version:align=right,data.size.size(zero="",min=1048576):label=Size:align=right)
2024-10-03 13:24:08,127 DEBUG    root            Chosen display Format:table[box,title="These components will be updated."](details.display_name:label=Name:align=left,version.version_string:label=Version:align=right,data.size.size(zero="",min=1048576):label=Size:align=right)
2024-10-03 13:24:08,128 DEBUG    root            Chosen display Format:table[box,title="These components will be installed."](details.display_name:label=Name:align=left,version.version_string:label=Version:align=right,data.size.size(zero="",min=1048576):label=Size:align=right)
2024-10-03 13:24:08,170 INFO     ___FILE_ONLY___ ┌─────────────────────────────────────────────────────────────────────────────┐
2024-10-03 13:24:08,170 INFO     ___FILE_ONLY___ 

2024-10-03 13:24:08,170 INFO     ___FILE_ONLY___ │                     These components will be installed.                     │
2024-10-03 13:24:08,170 INFO     ___FILE_ONLY___ 

2024-10-03 13:24:08,170 INFO     ___FILE_ONLY___ ├─────────────────────────────────────────────────────┬────────────┬──────────┤
2024-10-03 13:24:08,170 INFO     ___FILE_ONLY___ 

2024-10-03 13:24:08,170 INFO     ___FILE_ONLY___ │                         Name                        │  Version   │   Size   │
2024-10-03 13:24:08,170 INFO     ___FILE_ONLY___ 

2024-10-03 13:24:08,170 INFO     ___FILE_ONLY___ ├─────────────────────────────────────────────────────┼────────────┼──────────┤
2024-10-03 13:24:08,170 INFO     ___FILE_ONLY___ 

2024-10-03 13:24:08,170 INFO     ___FILE_ONLY___ │ 
2024-10-03 13:24:08,170 INFO     ___FILE_ONLY___ BigQuery Command Line Tool                         
2024-10-03 13:24:08,171 INFO     ___FILE_ONLY___  
2024-10-03 13:24:08,171 INFO     ___FILE_ONLY___ │ 
2024-10-03 13:24:08,171 INFO     ___FILE_ONLY___      2.1.8
2024-10-03 13:24:08,171 INFO     ___FILE_ONLY___  
2024-10-03 13:24:08,171 INFO     ___FILE_ONLY___ │ 
2024-10-03 13:24:08,171 INFO     ___FILE_ONLY___  1.7 MiB
2024-10-03 13:24:08,171 INFO     ___FILE_ONLY___  
2024-10-03 13:24:08,171 INFO     ___FILE_ONLY___ │
2024-10-03 13:24:08,171 INFO     ___FILE_ONLY___ 

2024-10-03 13:24:08,171 INFO     ___FILE_ONLY___ │ 
2024-10-03 13:24:08,171 INFO     ___FILE_ONLY___ BigQuery Command Line Tool (Platform Specific)     
2024-10-03 13:24:08,171 INFO     ___FILE_ONLY___  
2024-10-03 13:24:08,171 INFO     ___FILE_ONLY___ │ 
2024-10-03 13:24:08,171 INFO     ___FILE_ONLY___      2.1.8
2024-10-03 13:24:08,171 INFO     ___FILE_ONLY___  
2024-10-03 13:24:08,171 INFO     ___FILE_ONLY___ │ 
2024-10-03 13:24:08,172 INFO     ___FILE_ONLY___  < 1 MiB
2024-10-03 13:24:08,172 INFO     ___FILE_ONLY___  
2024-10-03 13:24:08,172 INFO     ___FILE_ONLY___ │
2024-10-03 13:24:08,172 INFO     ___FILE_ONLY___ 

2024-10-03 13:24:08,172 INFO     ___FILE_ONLY___ │ 
2024-10-03 13:24:08,172 INFO     ___FILE_ONLY___ Bundled Python 3.11 (Platform Specific)            
2024-10-03 13:24:08,172 INFO     ___FILE_ONLY___  
2024-10-03 13:24:08,172 INFO     ___FILE_ONLY___ │ 
2024-10-03 13:24:08,172 INFO     ___FILE_ONLY___     3.11.9
2024-10-03 13:24:08,172 INFO     ___FILE_ONLY___  
2024-10-03 13:24:08,172 INFO     ___FILE_ONLY___ │ 
2024-10-03 13:24:08,172 INFO     ___FILE_ONLY___ 74.4 MiB
2024-10-03 13:24:08,172 INFO     ___FILE_ONLY___  
2024-10-03 13:24:08,172 INFO     ___FILE_ONLY___ │
2024-10-03 13:24:08,172 INFO     ___FILE_ONLY___ 

2024-10-03 13:24:08,172 INFO     ___FILE_ONLY___ │ 
2024-10-03 13:24:08,173 INFO     ___FILE_ONLY___ Cloud Storage Command Line Tool                    
2024-10-03 13:24:08,173 INFO     ___FILE_ONLY___  
2024-10-03 13:24:08,173 INFO     ___FILE_ONLY___ │ 
2024-10-03 13:24:08,173 INFO     ___FILE_ONLY___       5.30
2024-10-03 13:24:08,173 INFO     ___FILE_ONLY___  
2024-10-03 13:24:08,173 INFO     ___FILE_ONLY___ │ 
2024-10-03 13:24:08,173 INFO     ___FILE_ONLY___ 11.3 MiB
2024-10-03 13:24:08,173 INFO     ___FILE_ONLY___  
2024-10-03 13:24:08,173 INFO     ___FILE_ONLY___ │
2024-10-03 13:24:08,173 INFO     ___FILE_ONLY___ 

2024-10-03 13:24:08,173 INFO     ___FILE_ONLY___ │ 
2024-10-03 13:24:08,173 INFO     ___FILE_ONLY___ Cloud Storage Command Line Tool (Platform Specific)
2024-10-03 13:24:08,173 INFO     ___FILE_ONLY___  
2024-10-03 13:24:08,173 INFO     ___FILE_ONLY___ │ 
2024-10-03 13:24:08,173 INFO     ___FILE_ONLY___       5.30
2024-10-03 13:24:08,173 INFO     ___FILE_ONLY___  
2024-10-03 13:24:08,174 INFO     ___FILE_ONLY___ │ 
2024-10-03 13:24:08,174 INFO     ___FILE_ONLY___  < 1 MiB
2024-10-03 13:24:08,174 INFO     ___FILE_ONLY___  
2024-10-03 13:24:08,174 INFO     ___FILE_ONLY___ │
2024-10-03 13:24:08,174 INFO     ___FILE_ONLY___ 

2024-10-03 13:24:08,174 INFO     ___FILE_ONLY___ │ 
2024-10-03 13:24:08,174 INFO     ___FILE_ONLY___ Google Cloud CLI Core Libraries (Platform Specific)
2024-10-03 13:24:08,174 INFO     ___FILE_ONLY___  
2024-10-03 13:24:08,174 INFO     ___FILE_ONLY___ │ 
2024-10-03 13:24:08,174 INFO     ___FILE_ONLY___ 2024.08.30
2024-10-03 13:24:08,174 INFO     ___FILE_ONLY___  
2024-10-03 13:24:08,174 INFO     ___FILE_ONLY___ │ 
2024-10-03 13:24:08,174 INFO     ___FILE_ONLY___  < 1 MiB
2024-10-03 13:24:08,174 INFO     ___FILE_ONLY___  
2024-10-03 13:24:08,174 INFO     ___FILE_ONLY___ │
2024-10-03 13:24:08,174 INFO     ___FILE_ONLY___ 

2024-10-03 13:24:08,174 INFO     ___FILE_ONLY___ │ 
2024-10-03 13:24:08,175 INFO     ___FILE_ONLY___ Google Cloud CRC32C Hash Tool (Platform Specific)  
2024-10-03 13:24:08,175 INFO     ___FILE_ONLY___  
2024-10-03 13:24:08,175 INFO     ___FILE_ONLY___ │ 
2024-10-03 13:24:08,175 INFO     ___FILE_ONLY___      1.0.0
2024-10-03 13:24:08,175 INFO     ___FILE_ONLY___  
2024-10-03 13:24:08,175 INFO     ___FILE_ONLY___ │ 
2024-10-03 13:24:08,175 INFO     ___FILE_ONLY___  1.3 MiB
2024-10-03 13:24:08,175 INFO     ___FILE_ONLY___  
2024-10-03 13:24:08,175 INFO     ___FILE_ONLY___ │
2024-10-03 13:24:08,175 INFO     ___FILE_ONLY___ 

2024-10-03 13:24:08,175 INFO     ___FILE_ONLY___ │ 
2024-10-03 13:24:08,175 INFO     ___FILE_ONLY___ gcloud cli dependencies (Platform Specific)        
2024-10-03 13:24:08,175 INFO     ___FILE_ONLY___  
2024-10-03 13:24:08,175 INFO     ___FILE_ONLY___ │ 
2024-10-03 13:24:08,175 INFO     ___FILE_ONLY___ 2021.04.16
2024-10-03 13:24:08,175 INFO     ___FILE_ONLY___  
2024-10-03 13:24:08,176 INFO     ___FILE_ONLY___ │ 
2024-10-03 13:24:08,176 INFO     ___FILE_ONLY___  < 1 MiB
2024-10-03 13:24:08,176 INFO     ___FILE_ONLY___  
2024-10-03 13:24:08,176 INFO     ___FILE_ONLY___ │
2024-10-03 13:24:08,176 INFO     ___FILE_ONLY___ 

2024-10-03 13:24:08,176 INFO     ___FILE_ONLY___ └─────────────────────────────────────────────────────┴────────────┴──────────┘
2024-10-03 13:24:08,176 INFO     ___FILE_ONLY___ 

2024-10-03 13:24:08,176 INFO     ___FILE_ONLY___ 

2024-10-03 13:24:08,179 DEBUG    urllib3.connectionpool Starting new HTTPS connection (1): dl.google.com:443
2024-10-03 13:24:08,316 DEBUG    urllib3.connectionpool https://dl.google.com:443 "GET /dl/cloudsdk/channels/rapid/RELEASE_NOTES HTTP/1.1" 200 1281712
2024-10-03 13:24:08,352 INFO     ___FILE_ONLY___ For the latest full release notes, please visit:
  https://cloud.google.com/sdk/release_notes


2024-10-03 13:24:08,352 INFO     ___FILE_ONLY___ Performing in place update...


2024-10-03 13:24:08,354 INFO     ___FILE_ONLY___ ╔════════════════════════════════════════════════════════════╗

2024-10-03 13:24:08,355 INFO     ___FILE_ONLY___ ╠═ Downloading: BigQuery Command Line Tool                  ═╣

2024-10-03 13:24:08,355 INFO     ___FILE_ONLY___ ╚
2024-10-03 13:24:08,358 DEBUG    urllib3.connectionpool Starting new HTTPS connection (1): dl.google.com:443
2024-10-03 13:24:08,430 DEBUG    urllib3.connectionpool https://dl.google.com:443 "GET /dl/cloudsdk/channels/rapid/components/google-cloud-sdk-bq-20240816183020.tar.gz HTTP/1.1" 200 1818208
2024-10-03 13:24:08,440 INFO     ___FILE_ONLY___ ═
2024-10-03 13:24:08,440 INFO     ___FILE_ONLY___ ═
2024-10-03 13:24:08,440 INFO     ___FILE_ONLY___ ═
2024-10-03 13:24:08,440 INFO     ___FILE_ONLY___ ═
2024-10-03 13:24:08,440 INFO     ___FILE_ONLY___ ═
2024-10-03 13:24:08,440 INFO     ___FILE_ONLY___ ═
2024-10-03 13:24:08,440 INFO     ___FILE_ONLY___ ═
2024-10-03 13:24:08,441 INFO     ___FILE_ONLY___ ═
2024-10-03 13:24:08,441 INFO     ___FILE_ONLY___ ═
2024-10-03 13:24:08,441 INFO     ___FILE_ONLY___ ═
2024-10-03 13:24:08,441 INFO     ___FILE_ONLY___ ═
2024-10-03 13:24:08,441 INFO     ___FILE_ONLY___ ═
2024-10-03 13:24:08,441 INFO     ___FILE_ONLY___ ═
2024-10-03 13:24:08,441 INFO     ___FILE_ONLY___ ═
2024-10-03 13:24:08,441 INFO     ___FILE_ONLY___ ═
2024-10-03 13:24:08,441 INFO     ___FILE_ONLY___ ═
2024-10-03 13:24:08,442 INFO     ___FILE_ONLY___ ═
2024-10-03 13:24:08,442 INFO     ___FILE_ONLY___ ═
2024-10-03 13:24:08,442 INFO     ___FILE_ONLY___ ═
2024-10-03 13:24:08,442 INFO     ___FILE_ONLY___ ═
2024-10-03 13:24:08,442 INFO     ___FILE_ONLY___ ═
2024-10-03 13:24:08,442 INFO     ___FILE_ONLY___ ═
2024-10-03 13:24:08,442 INFO     ___FILE_ONLY___ ═
2024-10-03 13:24:08,442 INFO     ___FILE_ONLY___ ═
2024-10-03 13:24:08,442 INFO     ___FILE_ONLY___ ═
2024-10-03 13:24:08,442 INFO     ___FILE_ONLY___ ═
2024-10-03 13:24:08,443 INFO     ___FILE_ONLY___ ═
2024-10-03 13:24:08,443 INFO     ___FILE_ONLY___ ═
2024-10-03 13:24:08,443 INFO     ___FILE_ONLY___ ═
2024-10-03 13:24:08,443 INFO     ___FILE_ONLY___ ═
2024-10-03 13:24:08,443 INFO     ___FILE_ONLY___ ═
2024-10-03 13:24:08,443 INFO     ___FILE_ONLY___ ═
2024-10-03 13:24:08,443 INFO     ___FILE_ONLY___ ═
2024-10-03 13:24:08,443 INFO     ___FILE_ONLY___ ═
2024-10-03 13:24:08,443 INFO     ___FILE_ONLY___ ═
2024-10-03 13:24:08,443 INFO     ___FILE_ONLY___ ═
2024-10-03 13:24:08,444 INFO     ___FILE_ONLY___ ═
2024-10-03 13:24:08,444 INFO     ___FILE_ONLY___ ═
2024-10-03 13:24:08,444 INFO     ___FILE_ONLY___ ═
2024-10-03 13:24:08,444 INFO     ___FILE_ONLY___ ═
2024-10-03 13:24:08,444 INFO     ___FILE_ONLY___ ═
2024-10-03 13:24:08,444 INFO     ___FILE_ONLY___ ═
2024-10-03 13:24:08,444 INFO     ___FILE_ONLY___ ═
2024-10-03 13:24:08,444 INFO     ___FILE_ONLY___ ═
2024-10-03 13:24:08,444 INFO     ___FILE_ONLY___ ═
2024-10-03 13:24:08,444 INFO     ___FILE_ONLY___ ═
2024-10-03 13:24:08,445 INFO     ___FILE_ONLY___ ═
2024-10-03 13:24:08,445 INFO     ___FILE_ONLY___ ═
2024-10-03 13:24:08,445 INFO     ___FILE_ONLY___ ═
2024-10-03 13:24:08,445 INFO     ___FILE_ONLY___ ═
2024-10-03 13:24:08,445 INFO     ___FILE_ONLY___ ═
2024-10-03 13:24:08,445 INFO     ___FILE_ONLY___ ═
2024-10-03 13:24:08,445 INFO     ___FILE_ONLY___ ═
2024-10-03 13:24:08,445 INFO     ___FILE_ONLY___ ═
2024-10-03 13:24:08,445 INFO     ___FILE_ONLY___ ═
2024-10-03 13:24:08,445 INFO     ___FILE_ONLY___ ═
2024-10-03 13:24:08,446 INFO     ___FILE_ONLY___ ═
2024-10-03 13:24:08,446 INFO     ___FILE_ONLY___ ═
2024-10-03 13:24:08,446 INFO     ___FILE_ONLY___ ═
2024-10-03 13:24:08,446 INFO     ___FILE_ONLY___ ═
2024-10-03 13:24:08,446 INFO     ___FILE_ONLY___ ╝

2024-10-03 13:24:08,448 INFO     ___FILE_ONLY___ ╔════════════════════════════════════════════════════════════╗

2024-10-03 13:24:08,448 INFO     ___FILE_ONLY___ ╠═ Downloading: BigQuery Command Line Tool (Platform Spe... ═╣

2024-10-03 13:24:08,448 INFO     ___FILE_ONLY___ ╚
2024-10-03 13:24:08,451 DEBUG    urllib3.connectionpool Starting new HTTPS connection (1): dl.google.com:443
2024-10-03 13:24:08,526 DEBUG    urllib3.connectionpool https://dl.google.com:443 "GET /dl/cloudsdk/channels/rapid/components/google-cloud-sdk-bq-nix-20240830134514.tar.gz HTTP/1.1" 200 1914
2024-10-03 13:24:08,527 INFO     ___FILE_ONLY___ ════════════════════════════════════════════════════════════
2024-10-03 13:24:08,527 INFO     ___FILE_ONLY___ ╝

2024-10-03 13:24:08,529 INFO     ___FILE_ONLY___ ╔════════════════════════════════════════════════════════════╗

2024-10-03 13:24:08,530 INFO     ___FILE_ONLY___ ╠═ Downloading: Bundled Python 3.11                         ═╣

2024-10-03 13:24:08,530 INFO     ___FILE_ONLY___ ╚
2024-10-03 13:24:08,530 INFO     ___FILE_ONLY___ ════════════════════════════════════════════════════════════
2024-10-03 13:24:08,530 INFO     ___FILE_ONLY___ ╝

2024-10-03 13:24:08,532 INFO     ___FILE_ONLY___ ╔════════════════════════════════════════════════════════════╗

2024-10-03 13:24:08,532 INFO     ___FILE_ONLY___ ╠═ Downloading: Bundled Python 3.11 (Platform Specific)     ═╣

2024-10-03 13:24:08,532 INFO     ___FILE_ONLY___ ╚
2024-10-03 13:24:08,535 DEBUG    urllib3.connectionpool Starting new HTTPS connection (1): dl.google.com:443
2024-10-03 13:24:08,701 DEBUG    urllib3.connectionpool https://dl.google.com:443 "GET /dl/cloudsdk/channels/rapid/components/google-cloud-sdk-bundled-python3-unix-linux-x86_64-20240920144119.tar.gz HTTP/1.1" 200 78001783
2024-10-03 13:24:08,957 INFO     ___FILE_ONLY___ ═
2024-10-03 13:24:08,958 INFO     ___FILE_ONLY___ ═
2024-10-03 13:24:08,960 INFO     ___FILE_ONLY___ ═
2024-10-03 13:24:08,961 INFO     ___FILE_ONLY___ ═
2024-10-03 13:24:08,962 INFO     ___FILE_ONLY___ ═
2024-10-03 13:24:08,964 INFO     ___FILE_ONLY___ ═
2024-10-03 13:24:08,965 INFO     ___FILE_ONLY___ ═
2024-10-03 13:24:08,967 INFO     ___FILE_ONLY___ ═
2024-10-03 13:24:08,968 INFO     ___FILE_ONLY___ ═
2024-10-03 13:24:08,970 INFO     ___FILE_ONLY___ ═
2024-10-03 13:24:08,971 INFO     ___FILE_ONLY___ ═
2024-10-03 13:24:08,972 INFO     ___FILE_ONLY___ ═
2024-10-03 13:24:08,974 INFO     ___FILE_ONLY___ ═
2024-10-03 13:24:08,975 INFO     ___FILE_ONLY___ ═
2024-10-03 13:24:08,977 INFO     ___FILE_ONLY___ ═
2024-10-03 13:24:08,978 INFO     ___FILE_ONLY___ ═
2024-10-03 13:24:08,979 INFO     ___FILE_ONLY___ ═
2024-10-03 13:24:08,981 INFO     ___FILE_ONLY___ ═
2024-10-03 13:24:08,982 INFO     ___FILE_ONLY___ ═
2024-10-03 13:24:08,983 INFO     ___FILE_ONLY___ ═
2024-10-03 13:24:08,985 INFO     ___FILE_ONLY___ ═
2024-10-03 13:24:08,986 INFO     ___FILE_ONLY___ ═
2024-10-03 13:24:08,988 INFO     ___FILE_ONLY___ ═
2024-10-03 13:24:08,989 INFO     ___FILE_ONLY___ ═
2024-10-03 13:24:08,990 INFO     ___FILE_ONLY___ ═
2024-10-03 13:24:08,992 INFO     ___FILE_ONLY___ ═
2024-10-03 13:24:08,993 INFO     ___FILE_ONLY___ ═
2024-10-03 13:24:08,995 INFO     ___FILE_ONLY___ ═
2024-10-03 13:24:08,996 INFO     ___FILE_ONLY___ ═
2024-10-03 13:24:08,997 INFO     ___FILE_ONLY___ ═
2024-10-03 13:24:08,999 INFO     ___FILE_ONLY___ ═
2024-10-03 13:24:09,000 INFO     ___FILE_ONLY___ ═
2024-10-03 13:24:09,002 INFO     ___FILE_ONLY___ ═
2024-10-03 13:24:09,003 INFO     ___FILE_ONLY___ ═
2024-10-03 13:24:09,004 INFO     ___FILE_ONLY___ ═
2024-10-03 13:24:09,006 INFO     ___FILE_ONLY___ ═
2024-10-03 13:24:09,007 INFO     ___FILE_ONLY___ ═
2024-10-03 13:24:09,008 INFO     ___FILE_ONLY___ ═
2024-10-03 13:24:09,010 INFO     ___FILE_ONLY___ ═
2024-10-03 13:24:09,011 INFO     ___FILE_ONLY___ ═
2024-10-03 13:24:09,013 INFO     ___FILE_ONLY___ ═
2024-10-03 13:24:09,014 INFO     ___FILE_ONLY___ ═
2024-10-03 13:24:09,015 INFO     ___FILE_ONLY___ ═
2024-10-03 13:24:09,017 INFO     ___FILE_ONLY___ ═
2024-10-03 13:24:09,018 INFO     ___FILE_ONLY___ ═
2024-10-03 13:24:09,020 INFO     ___FILE_ONLY___ ═
2024-10-03 13:24:09,021 INFO     ___FILE_ONLY___ ═
2024-10-03 13:24:09,022 INFO     ___FILE_ONLY___ ═
2024-10-03 13:24:09,024 INFO     ___FILE_ONLY___ ═
2024-10-03 13:24:09,025 INFO     ___FILE_ONLY___ ═
2024-10-03 13:24:09,027 INFO     ___FILE_ONLY___ ═
2024-10-03 13:24:09,028 INFO     ___FILE_ONLY___ ═
2024-10-03 13:24:09,029 INFO     ___FILE_ONLY___ ═
2024-10-03 13:24:09,031 INFO     ___FILE_ONLY___ ═
2024-10-03 13:24:09,032 INFO     ___FILE_ONLY___ ═
2024-10-03 13:24:09,034 INFO     ___FILE_ONLY___ ═
2024-10-03 13:24:09,035 INFO     ___FILE_ONLY___ ═
2024-10-03 13:24:09,037 INFO     ___FILE_ONLY___ ═
2024-10-03 13:24:09,038 INFO     ___FILE_ONLY___ ═
2024-10-03 13:24:09,040 INFO     ___FILE_ONLY___ ═
2024-10-03 13:24:09,040 INFO     ___FILE_ONLY___ ╝

2024-10-03 13:24:09,042 INFO     ___FILE_ONLY___ ╔════════════════════════════════════════════════════════════╗

2024-10-03 13:24:09,043 INFO     ___FILE_ONLY___ ╠═ Downloading: Cloud Storage Command Line Tool             ═╣

2024-10-03 13:24:09,043 INFO     ___FILE_ONLY___ ╚
2024-10-03 13:24:09,051 DEBUG    urllib3.connectionpool Starting new HTTPS connection (1): dl.google.com:443
2024-10-03 13:24:09,186 DEBUG    urllib3.connectionpool https://dl.google.com:443 "GET /dl/cloudsdk/channels/rapid/components/google-cloud-sdk-gsutil-20240614142823.tar.gz HTTP/1.1" 200 11883175
2024-10-03 13:24:09,223 INFO     ___FILE_ONLY___ ═
2024-10-03 13:24:09,224 INFO     ___FILE_ONLY___ ═
2024-10-03 13:24:09,224 INFO     ___FILE_ONLY___ ═
2024-10-03 13:24:09,224 INFO     ___FILE_ONLY___ ═
2024-10-03 13:24:09,225 INFO     ___FILE_ONLY___ ═
2024-10-03 13:24:09,225 INFO     ___FILE_ONLY___ ═
2024-10-03 13:24:09,225 INFO     ___FILE_ONLY___ ═
2024-10-03 13:24:09,226 INFO     ___FILE_ONLY___ ═
2024-10-03 13:24:09,226 INFO     ___FILE_ONLY___ ═
2024-10-03 13:24:09,226 INFO     ___FILE_ONLY___ ═
2024-10-03 13:24:09,226 INFO     ___FILE_ONLY___ ═
2024-10-03 13:24:09,227 INFO     ___FILE_ONLY___ ═
2024-10-03 13:24:09,227 INFO     ___FILE_ONLY___ ═
2024-10-03 13:24:09,227 INFO     ___FILE_ONLY___ ═
2024-10-03 13:24:09,228 INFO     ___FILE_ONLY___ ═
2024-10-03 13:24:09,228 INFO     ___FILE_ONLY___ ═
2024-10-03 13:24:09,228 INFO     ___FILE_ONLY___ ═
2024-10-03 13:24:09,228 INFO     ___FILE_ONLY___ ═
2024-10-03 13:24:09,229 INFO     ___FILE_ONLY___ ═
2024-10-03 13:24:09,229 INFO     ___FILE_ONLY___ ═
2024-10-03 13:24:09,229 INFO     ___FILE_ONLY___ ═
2024-10-03 13:24:09,230 INFO     ___FILE_ONLY___ ═
2024-10-03 13:24:09,230 INFO     ___FILE_ONLY___ ═
2024-10-03 13:24:09,230 INFO     ___FILE_ONLY___ ═
2024-10-03 13:24:09,231 INFO     ___FILE_ONLY___ ═
2024-10-03 13:24:09,231 INFO     ___FILE_ONLY___ ═
2024-10-03 13:24:09,231 INFO     ___FILE_ONLY___ ═
2024-10-03 13:24:09,231 INFO     ___FILE_ONLY___ ═
2024-10-03 13:24:09,232 INFO     ___FILE_ONLY___ ═
2024-10-03 13:24:09,232 INFO     ___FILE_ONLY___ ═
2024-10-03 13:24:09,232 INFO     ___FILE_ONLY___ ═
2024-10-03 13:24:09,233 INFO     ___FILE_ONLY___ ═
2024-10-03 13:24:09,233 INFO     ___FILE_ONLY___ ═
2024-10-03 13:24:09,233 INFO     ___FILE_ONLY___ ═
2024-10-03 13:24:09,233 INFO     ___FILE_ONLY___ ═
2024-10-03 13:24:09,234 INFO     ___FILE_ONLY___ ═
2024-10-03 13:24:09,234 INFO     ___FILE_ONLY___ ═
2024-10-03 13:24:09,234 INFO     ___FILE_ONLY___ ═
2024-10-03 13:24:09,235 INFO     ___FILE_ONLY___ ═
2024-10-03 13:24:09,235 INFO     ___FILE_ONLY___ ═
2024-10-03 13:24:09,235 INFO     ___FILE_ONLY___ ═
2024-10-03 13:24:09,235 INFO     ___FILE_ONLY___ ═
2024-10-03 13:24:09,236 INFO     ___FILE_ONLY___ ═
2024-10-03 13:24:09,236 INFO     ___FILE_ONLY___ ═
2024-10-03 13:24:09,236 INFO     ___FILE_ONLY___ ═
2024-10-03 13:24:09,237 INFO     ___FILE_ONLY___ ═
2024-10-03 13:24:09,237 INFO     ___FILE_ONLY___ ═
2024-10-03 13:24:09,237 INFO     ___FILE_ONLY___ ═
2024-10-03 13:24:09,237 INFO     ___FILE_ONLY___ ═
2024-10-03 13:24:09,238 INFO     ___FILE_ONLY___ ═
2024-10-03 13:24:09,238 INFO     ___FILE_ONLY___ ═
2024-10-03 13:24:09,238 INFO     ___FILE_ONLY___ ═
2024-10-03 13:24:09,239 INFO     ___FILE_ONLY___ ═
2024-10-03 13:24:09,239 INFO     ___FILE_ONLY___ ═
2024-10-03 13:24:09,239 INFO     ___FILE_ONLY___ ═
2024-10-03 13:24:09,239 INFO     ___FILE_ONLY___ ═
2024-10-03 13:24:09,240 INFO     ___FILE_ONLY___ ═
2024-10-03 13:24:09,240 INFO     ___FILE_ONLY___ ═
2024-10-03 13:24:09,240 INFO     ___FILE_ONLY___ ═
2024-10-03 13:24:09,241 INFO     ___FILE_ONLY___ ═
2024-10-03 13:24:09,241 INFO     ___FILE_ONLY___ ╝

2024-10-03 13:24:09,243 INFO     ___FILE_ONLY___ ╔════════════════════════════════════════════════════════════╗

2024-10-03 13:24:09,243 INFO     ___FILE_ONLY___ ╠═ Downloading: Cloud Storage Command Line Tool (Platfor... ═╣

2024-10-03 13:24:09,243 INFO     ___FILE_ONLY___ ╚
2024-10-03 13:24:09,247 DEBUG    urllib3.connectionpool Starting new HTTPS connection (1): dl.google.com:443
2024-10-03 13:24:09,322 DEBUG    urllib3.connectionpool https://dl.google.com:443 "GET /dl/cloudsdk/channels/rapid/components/google-cloud-sdk-gsutil-nix-20240830134514.tar.gz HTTP/1.1" 200 1928
2024-10-03 13:24:09,323 INFO     ___FILE_ONLY___ ════════════════════════════════════════════════════════════
2024-10-03 13:24:09,323 INFO     ___FILE_ONLY___ ╝

2024-10-03 13:24:09,325 INFO     ___FILE_ONLY___ ╔════════════════════════════════════════════════════════════╗

2024-10-03 13:24:09,325 INFO     ___FILE_ONLY___ ╠═ Downloading: Default set of gcloud commands              ═╣

2024-10-03 13:24:09,325 INFO     ___FILE_ONLY___ ╚
2024-10-03 13:24:09,326 INFO     ___FILE_ONLY___ ════════════════════════════════════════════════════════════
2024-10-03 13:24:09,326 INFO     ___FILE_ONLY___ ╝

2024-10-03 13:24:09,328 INFO     ___FILE_ONLY___ ╔════════════════════════════════════════════════════════════╗

2024-10-03 13:24:09,328 INFO     ___FILE_ONLY___ ╠═ Downloading: Google Cloud CLI Core Libraries (Platfor... ═╣

2024-10-03 13:24:09,328 INFO     ___FILE_ONLY___ ╚
2024-10-03 13:24:09,331 DEBUG    urllib3.connectionpool Starting new HTTPS connection (1): dl.google.com:443
2024-10-03 13:24:09,485 DEBUG    urllib3.connectionpool https://dl.google.com:443 "GET /dl/cloudsdk/channels/rapid/components/google-cloud-sdk-core-nix-20240830134514.tar.gz HTTP/1.1" 200 2306
2024-10-03 13:24:09,486 INFO     ___FILE_ONLY___ ════════════════════════════════════════════════════════════
2024-10-03 13:24:09,486 INFO     ___FILE_ONLY___ ╝

2024-10-03 13:24:09,488 INFO     ___FILE_ONLY___ ╔════════════════════════════════════════════════════════════╗

2024-10-03 13:24:09,488 INFO     ___FILE_ONLY___ ╠═ Downloading: Google Cloud CRC32C Hash Tool               ═╣

2024-10-03 13:24:09,488 INFO     ___FILE_ONLY___ ╚
2024-10-03 13:24:09,488 INFO     ___FILE_ONLY___ ════════════════════════════════════════════════════════════
2024-10-03 13:24:09,489 INFO     ___FILE_ONLY___ ╝

2024-10-03 13:24:09,490 INFO     ___FILE_ONLY___ ╔════════════════════════════════════════════════════════════╗

2024-10-03 13:24:09,491 INFO     ___FILE_ONLY___ ╠═ Downloading: Google Cloud CRC32C Hash Tool (Platform ... ═╣

2024-10-03 13:24:09,491 INFO     ___FILE_ONLY___ ╚
2024-10-03 13:24:09,494 DEBUG    urllib3.connectionpool Starting new HTTPS connection (1): dl.google.com:443
2024-10-03 13:24:09,625 DEBUG    urllib3.connectionpool https://dl.google.com:443 "GET /dl/cloudsdk/channels/rapid/components/google-cloud-sdk-gcloud-crc32c-linux-x86_64-20240712142834.tar.gz HTTP/1.1" 200 1350263
2024-10-03 13:24:09,634 INFO     ___FILE_ONLY___ ═
2024-10-03 13:24:09,634 INFO     ___FILE_ONLY___ ═
2024-10-03 13:24:09,634 INFO     ___FILE_ONLY___ ═
2024-10-03 13:24:09,635 INFO     ___FILE_ONLY___ ═
2024-10-03 13:24:09,635 INFO     ___FILE_ONLY___ ═
2024-10-03 13:24:09,635 INFO     ___FILE_ONLY___ ═
2024-10-03 13:24:09,635 INFO     ___FILE_ONLY___ ═
2024-10-03 13:24:09,635 INFO     ___FILE_ONLY___ ═
2024-10-03 13:24:09,635 INFO     ___FILE_ONLY___ ═
2024-10-03 13:24:09,636 INFO     ___FILE_ONLY___ ═
2024-10-03 13:24:09,636 INFO     ___FILE_ONLY___ ═
2024-10-03 13:24:09,636 INFO     ___FILE_ONLY___ ═
2024-10-03 13:24:09,636 INFO     ___FILE_ONLY___ ═
2024-10-03 13:24:09,636 INFO     ___FILE_ONLY___ ═
2024-10-03 13:24:09,636 INFO     ___FILE_ONLY___ ═
2024-10-03 13:24:09,636 INFO     ___FILE_ONLY___ ═
2024-10-03 13:24:09,637 INFO     ___FILE_ONLY___ ═
2024-10-03 13:24:09,637 INFO     ___FILE_ONLY___ ═
2024-10-03 13:24:09,637 INFO     ___FILE_ONLY___ ═
2024-10-03 13:24:09,637 INFO     ___FILE_ONLY___ ═
2024-10-03 13:24:09,637 INFO     ___FILE_ONLY___ ═
2024-10-03 13:24:09,637 INFO     ___FILE_ONLY___ ═
2024-10-03 13:24:09,637 INFO     ___FILE_ONLY___ ═
2024-10-03 13:24:09,638 INFO     ___FILE_ONLY___ ═
2024-10-03 13:24:09,638 INFO     ___FILE_ONLY___ ═
2024-10-03 13:24:09,638 INFO     ___FILE_ONLY___ ═
2024-10-03 13:24:09,638 INFO     ___FILE_ONLY___ ═
2024-10-03 13:24:09,638 INFO     ___FILE_ONLY___ ═
2024-10-03 13:24:09,638 INFO     ___FILE_ONLY___ ═
2024-10-03 13:24:09,638 INFO     ___FILE_ONLY___ ═
2024-10-03 13:24:09,639 INFO     ___FILE_ONLY___ ═
2024-10-03 13:24:09,639 INFO     ___FILE_ONLY___ ═
2024-10-03 13:24:09,639 INFO     ___FILE_ONLY___ ═
2024-10-03 13:24:09,639 INFO     ___FILE_ONLY___ ═
2024-10-03 13:24:09,639 INFO     ___FILE_ONLY___ ═
2024-10-03 13:24:09,639 INFO     ___FILE_ONLY___ ═
2024-10-03 13:24:09,639 INFO     ___FILE_ONLY___ ═
2024-10-03 13:24:09,640 INFO     ___FILE_ONLY___ ═
2024-10-03 13:24:09,640 INFO     ___FILE_ONLY___ ═
2024-10-03 13:24:09,640 INFO     ___FILE_ONLY___ ═
2024-10-03 13:24:09,640 INFO     ___FILE_ONLY___ ═
2024-10-03 13:24:09,640 INFO     ___FILE_ONLY___ ═
2024-10-03 13:24:09,640 INFO     ___FILE_ONLY___ ═
2024-10-03 13:24:09,640 INFO     ___FILE_ONLY___ ═
2024-10-03 13:24:09,641 INFO     ___FILE_ONLY___ ═
2024-10-03 13:24:09,641 INFO     ___FILE_ONLY___ ═
2024-10-03 13:24:09,641 INFO     ___FILE_ONLY___ ═
2024-10-03 13:24:09,641 INFO     ___FILE_ONLY___ ═
2024-10-03 13:24:09,641 INFO     ___FILE_ONLY___ ═
2024-10-03 13:24:09,641 INFO     ___FILE_ONLY___ ═
2024-10-03 13:24:09,641 INFO     ___FILE_ONLY___ ═
2024-10-03 13:24:09,642 INFO     ___FILE_ONLY___ ═
2024-10-03 13:24:09,642 INFO     ___FILE_ONLY___ ═
2024-10-03 13:24:09,642 INFO     ___FILE_ONLY___ ═
2024-10-03 13:24:09,642 INFO     ___FILE_ONLY___ ═
2024-10-03 13:24:09,642 INFO     ___FILE_ONLY___ ═
2024-10-03 13:24:09,642 INFO     ___FILE_ONLY___ ═
2024-10-03 13:24:09,642 INFO     ___FILE_ONLY___ ═
2024-10-03 13:24:09,643 INFO     ___FILE_ONLY___ ═
2024-10-03 13:24:09,643 INFO     ___FILE_ONLY___ ═
2024-10-03 13:24:09,643 INFO     ___FILE_ONLY___ ╝

2024-10-03 13:24:09,645 INFO     ___FILE_ONLY___ ╔════════════════════════════════════════════════════════════╗

2024-10-03 13:24:09,645 INFO     ___FILE_ONLY___ ╠═ Downloading: gcloud cli dependencies (Platform Specific) ═╣

2024-10-03 13:24:09,645 INFO     ___FILE_ONLY___ ╚
2024-10-03 13:24:09,648 DEBUG    urllib3.connectionpool Starting new HTTPS connection (1): dl.google.com:443
2024-10-03 13:24:09,783 DEBUG    urllib3.connectionpool https://dl.google.com:443 "GET /dl/cloudsdk/channels/rapid/components/google-cloud-sdk-gcloud-deps-linux-x86_64-20210416153011.tar.gz HTTP/1.1" 200 104
2024-10-03 13:24:09,783 INFO     ___FILE_ONLY___ ════════════════════════════════════════════════════════════
2024-10-03 13:24:09,784 INFO     ___FILE_ONLY___ ╝

2024-10-03 13:24:09,786 INFO     ___FILE_ONLY___ ╔════════════════════════════════════════════════════════════╗

2024-10-03 13:24:09,786 INFO     ___FILE_ONLY___ ╠═ Installing: BigQuery Command Line Tool                   ═╣

2024-10-03 13:24:09,786 INFO     ___FILE_ONLY___ ╚
2024-10-03 13:24:09,902 INFO     ___FILE_ONLY___ ═
2024-10-03 13:24:09,905 INFO     ___FILE_ONLY___ ═
2024-10-03 13:24:09,907 INFO     ___FILE_ONLY___ ═
2024-10-03 13:24:09,910 INFO     ___FILE_ONLY___ ═
2024-10-03 13:24:09,913 INFO     ___FILE_ONLY___ ═
2024-10-03 13:24:09,915 INFO     ___FILE_ONLY___ ═
2024-10-03 13:24:09,917 INFO     ___FILE_ONLY___ ═
2024-10-03 13:24:09,919 INFO     ___FILE_ONLY___ ═
2024-10-03 13:24:09,922 INFO     ___FILE_ONLY___ ═
2024-10-03 13:24:09,923 INFO     ___FILE_ONLY___ ═
2024-10-03 13:24:09,925 INFO     ___FILE_ONLY___ ═
2024-10-03 13:24:09,928 INFO     ___FILE_ONLY___ ═
2024-10-03 13:24:09,930 INFO     ___FILE_ONLY___ ═
2024-10-03 13:24:09,932 INFO     ___FILE_ONLY___ ═
2024-10-03 13:24:09,934 INFO     ___FILE_ONLY___ ═
2024-10-03 13:24:09,937 INFO     ___FILE_ONLY___ ═
2024-10-03 13:24:09,939 INFO     ___FILE_ONLY___ ═
2024-10-03 13:24:09,942 INFO     ___FILE_ONLY___ ═
2024-10-03 13:24:09,945 INFO     ___FILE_ONLY___ ═
2024-10-03 13:24:09,947 INFO     ___FILE_ONLY___ ═
2024-10-03 13:24:09,949 INFO     ___FILE_ONLY___ ═
2024-10-03 13:24:09,951 INFO     ___FILE_ONLY___ ═
2024-10-03 13:24:09,953 INFO     ___FILE_ONLY___ ═
2024-10-03 13:24:09,955 INFO     ___FILE_ONLY___ ═
2024-10-03 13:24:09,957 INFO     ___FILE_ONLY___ ═
2024-10-03 13:24:09,959 INFO     ___FILE_ONLY___ ═
2024-10-03 13:24:09,961 INFO     ___FILE_ONLY___ ═
2024-10-03 13:24:09,965 INFO     ___FILE_ONLY___ ═
2024-10-03 13:24:09,967 INFO     ___FILE_ONLY___ ═
2024-10-03 13:24:09,969 INFO     ___FILE_ONLY___ ═
2024-10-03 13:24:09,971 INFO     ___FILE_ONLY___ ═
2024-10-03 13:24:09,974 INFO     ___FILE_ONLY___ ═
2024-10-03 13:24:09,977 INFO     ___FILE_ONLY___ ═
2024-10-03 13:24:09,980 INFO     ___FILE_ONLY___ ═
2024-10-03 13:24:09,988 INFO     ___FILE_ONLY___ ═
2024-10-03 13:24:09,990 INFO     ___FILE_ONLY___ ═
2024-10-03 13:24:09,992 INFO     ___FILE_ONLY___ ═
2024-10-03 13:24:09,997 INFO     ___FILE_ONLY___ ═
2024-10-03 13:24:10,000 INFO     ___FILE_ONLY___ ═
2024-10-03 13:24:10,002 INFO     ___FILE_ONLY___ ═
2024-10-03 13:24:10,004 INFO     ___FILE_ONLY___ ═
2024-10-03 13:24:10,007 INFO     ___FILE_ONLY___ ═
2024-10-03 13:24:10,011 INFO     ___FILE_ONLY___ ═
2024-10-03 13:24:10,013 INFO     ___FILE_ONLY___ ═
2024-10-03 13:24:10,015 INFO     ___FILE_ONLY___ ═
2024-10-03 13:24:10,017 INFO     ___FILE_ONLY___ ═
2024-10-03 13:24:10,019 INFO     ___FILE_ONLY___ ═
2024-10-03 13:24:10,022 INFO     ___FILE_ONLY___ ═
2024-10-03 13:24:10,024 INFO     ___FILE_ONLY___ ═
2024-10-03 13:24:10,026 INFO     ___FILE_ONLY___ ═
2024-10-03 13:24:10,028 INFO     ___FILE_ONLY___ ═
2024-10-03 13:24:10,030 INFO     ___FILE_ONLY___ ═
2024-10-03 13:24:10,032 INFO     ___FILE_ONLY___ ═
2024-10-03 13:24:10,035 INFO     ___FILE_ONLY___ ═
2024-10-03 13:24:10,037 INFO     ___FILE_ONLY___ ═
2024-10-03 13:24:10,038 INFO     ___FILE_ONLY___ ═
2024-10-03 13:24:10,040 INFO     ___FILE_ONLY___ ═
2024-10-03 13:24:10,043 INFO     ___FILE_ONLY___ ═
2024-10-03 13:24:10,045 INFO     ___FILE_ONLY___ ═
2024-10-03 13:24:10,047 INFO     ___FILE_ONLY___ ═
2024-10-03 13:24:10,047 INFO     ___FILE_ONLY___ ╝

2024-10-03 13:24:10,059 INFO     ___FILE_ONLY___ ╔════════════════════════════════════════════════════════════╗

2024-10-03 13:24:10,059 INFO     ___FILE_ONLY___ ╠═ Installing: BigQuery Command Line Tool (Platform Spec... ═╣

2024-10-03 13:24:10,059 INFO     ___FILE_ONLY___ ╚
2024-10-03 13:24:10,060 INFO     ___FILE_ONLY___ ════════════════════════════════════════════════════════════
2024-10-03 13:24:10,060 INFO     ___FILE_ONLY___ ╝

2024-10-03 13:24:10,067 INFO     ___FILE_ONLY___ ╔════════════════════════════════════════════════════════════╗

2024-10-03 13:24:10,067 INFO     ___FILE_ONLY___ ╠═ Installing: Bundled Python 3.11                          ═╣

2024-10-03 13:24:10,067 INFO     ___FILE_ONLY___ ╚
2024-10-03 13:24:10,071 INFO     ___FILE_ONLY___ ════════════════════════════════════════════════════════════
2024-10-03 13:24:10,071 INFO     ___FILE_ONLY___ ╝

2024-10-03 13:24:10,073 INFO     ___FILE_ONLY___ ╔════════════════════════════════════════════════════════════╗

2024-10-03 13:24:10,073 INFO     ___FILE_ONLY___ ╠═ Installing: Bundled Python 3.11 (Platform Specific)      ═╣

2024-10-03 13:24:10,073 INFO     ___FILE_ONLY___ ╚
2024-10-03 13:24:12,199 INFO     ___FILE_ONLY___ ═
2024-10-03 13:24:12,215 INFO     ___FILE_ONLY___ ═
2024-10-03 13:24:12,228 INFO     ___FILE_ONLY___ ═
2024-10-03 13:24:12,241 INFO     ___FILE_ONLY___ ═
2024-10-03 13:24:12,253 INFO     ___FILE_ONLY___ ═
2024-10-03 13:24:12,265 INFO     ___FILE_ONLY___ ═
2024-10-03 13:24:12,278 INFO     ___FILE_ONLY___ ═
2024-10-03 13:24:12,290 INFO     ___FILE_ONLY___ ═
2024-10-03 13:24:12,303 INFO     ___FILE_ONLY___ ═
2024-10-03 13:24:12,315 INFO     ___FILE_ONLY___ ═
2024-10-03 13:24:12,327 INFO     ___FILE_ONLY___ ═
2024-10-03 13:24:12,339 INFO     ___FILE_ONLY___ ═
2024-10-03 13:24:12,351 INFO     ___FILE_ONLY___ ═
2024-10-03 13:24:12,364 INFO     ___FILE_ONLY___ ═
2024-10-03 13:24:12,376 INFO     ___FILE_ONLY___ ═
2024-10-03 13:24:12,389 INFO     ___FILE_ONLY___ ═
2024-10-03 13:24:12,401 INFO     ___FILE_ONLY___ ═
2024-10-03 13:24:12,414 INFO     ___FILE_ONLY___ ═
2024-10-03 13:24:12,426 INFO     ___FILE_ONLY___ ═
2024-10-03 13:24:12,438 INFO     ___FILE_ONLY___ ═
2024-10-03 13:24:12,451 INFO     ___FILE_ONLY___ ═
2024-10-03 13:24:12,463 INFO     ___FILE_ONLY___ ═
2024-10-03 13:24:12,476 INFO     ___FILE_ONLY___ ═
2024-10-03 13:24:12,488 INFO     ___FILE_ONLY___ ═
2024-10-03 13:24:12,501 INFO     ___FILE_ONLY___ ═
2024-10-03 13:24:12,513 INFO     ___FILE_ONLY___ ═
2024-10-03 13:24:12,525 INFO     ___FILE_ONLY___ ═
2024-10-03 13:24:12,538 INFO     ___FILE_ONLY___ ═
2024-10-03 13:24:12,551 INFO     ___FILE_ONLY___ ═
2024-10-03 13:24:12,563 INFO     ___FILE_ONLY___ ═
2024-10-03 13:24:12,575 INFO     ___FILE_ONLY___ ═
2024-10-03 13:24:12,590 INFO     ___FILE_ONLY___ ═
2024-10-03 13:24:12,604 INFO     ___FILE_ONLY___ ═
2024-10-03 13:24:12,619 INFO     ___FILE_ONLY___ ═
2024-10-03 13:24:12,633 INFO     ___FILE_ONLY___ ═
2024-10-03 13:24:12,647 INFO     ___FILE_ONLY___ ═
2024-10-03 13:24:13,387 INFO     ___FILE_ONLY___ ═
2024-10-03 13:24:13,412 INFO     ___FILE_ONLY___ ═
2024-10-03 13:24:13,438 INFO     ___FILE_ONLY___ ═
2024-10-03 13:24:13,461 INFO     ___FILE_ONLY___ ═
2024-10-03 13:24:13,482 INFO     ___FILE_ONLY___ ═
2024-10-03 13:24:13,633 INFO     ___FILE_ONLY___ ═
2024-10-03 13:24:13,663 INFO     ___FILE_ONLY___ ═
2024-10-03 13:24:13,682 INFO     ___FILE_ONLY___ ═
2024-10-03 13:24:13,699 INFO     ___FILE_ONLY___ ═
2024-10-03 13:24:13,719 INFO     ___FILE_ONLY___ ═
2024-10-03 13:24:13,749 INFO     ___FILE_ONLY___ ═
2024-10-03 13:24:13,770 INFO     ___FILE_ONLY___ ═
2024-10-03 13:24:13,788 INFO     ___FILE_ONLY___ ═
2024-10-03 13:24:13,802 INFO     ___FILE_ONLY___ ═
2024-10-03 13:24:13,896 INFO     ___FILE_ONLY___ ═
2024-10-03 13:24:13,915 INFO     ___FILE_ONLY___ ═
2024-10-03 13:24:13,935 INFO     ___FILE_ONLY___ ═
2024-10-03 13:24:13,953 INFO     ___FILE_ONLY___ ═
2024-10-03 13:24:14,001 INFO     ___FILE_ONLY___ ═
2024-10-03 13:24:14,369 INFO     ___FILE_ONLY___ ═
2024-10-03 13:24:14,387 INFO     ___FILE_ONLY___ ═
2024-10-03 13:24:14,408 INFO     ___FILE_ONLY___ ═
2024-10-03 13:24:14,425 INFO     ___FILE_ONLY___ ═
2024-10-03 13:24:14,793 INFO     ___FILE_ONLY___ ═
2024-10-03 13:24:14,793 INFO     ___FILE_ONLY___ ╝

2024-10-03 13:24:14,869 INFO     ___FILE_ONLY___ ╔════════════════════════════════════════════════════════════╗

2024-10-03 13:24:14,869 INFO     ___FILE_ONLY___ ╠═ Installing: Cloud Storage Command Line Tool              ═╣

2024-10-03 13:24:14,869 INFO     ___FILE_ONLY___ ╚
2024-10-03 13:24:15,507 INFO     ___FILE_ONLY___ ═
2024-10-03 13:24:15,523 INFO     ___FILE_ONLY___ ═
2024-10-03 13:24:15,537 INFO     ___FILE_ONLY___ ═
2024-10-03 13:24:15,556 INFO     ___FILE_ONLY___ ═
2024-10-03 13:24:15,580 INFO     ___FILE_ONLY___ ═
2024-10-03 13:24:15,603 INFO     ___FILE_ONLY___ ═
2024-10-03 13:24:15,624 INFO     ___FILE_ONLY___ ═
2024-10-03 13:24:15,656 INFO     ___FILE_ONLY___ ═
2024-10-03 13:24:15,669 INFO     ___FILE_ONLY___ ═
2024-10-03 13:24:15,680 INFO     ___FILE_ONLY___ ═
2024-10-03 13:24:15,692 INFO     ___FILE_ONLY___ ═
2024-10-03 13:24:15,731 INFO     ___FILE_ONLY___ ═
2024-10-03 13:24:15,742 INFO     ___FILE_ONLY___ ═
2024-10-03 13:24:15,754 INFO     ___FILE_ONLY___ ═
2024-10-03 13:24:15,767 INFO     ___FILE_ONLY___ ═
2024-10-03 13:24:15,776 INFO     ___FILE_ONLY___ ═
2024-10-03 13:24:15,786 INFO     ___FILE_ONLY___ ═
2024-10-03 13:24:15,797 INFO     ___FILE_ONLY___ ═
2024-10-03 13:24:15,808 INFO     ___FILE_ONLY___ ═
2024-10-03 13:24:15,820 INFO     ___FILE_ONLY___ ═
2024-10-03 13:24:15,832 INFO     ___FILE_ONLY___ ═
2024-10-03 13:24:15,843 INFO     ___FILE_ONLY___ ═
2024-10-03 13:24:15,854 INFO     ___FILE_ONLY___ ═
2024-10-03 13:24:15,869 INFO     ___FILE_ONLY___ ═
2024-10-03 13:24:15,880 INFO     ___FILE_ONLY___ ═
2024-10-03 13:24:15,894 INFO     ___FILE_ONLY___ ═
2024-10-03 13:24:15,909 INFO     ___FILE_ONLY___ ═
2024-10-03 13:24:15,923 INFO     ___FILE_ONLY___ ═
2024-10-03 13:24:15,937 INFO     ___FILE_ONLY___ ═
2024-10-03 13:24:15,957 INFO     ___FILE_ONLY___ ═
2024-10-03 13:24:15,969 INFO     ___FILE_ONLY___ ═
2024-10-03 13:24:15,983 INFO     ___FILE_ONLY___ ═
2024-10-03 13:24:15,994 INFO     ___FILE_ONLY___ ═
2024-10-03 13:24:16,011 INFO     ___FILE_ONLY___ ═
2024-10-03 13:24:16,023 INFO     ___FILE_ONLY___ ═
2024-10-03 13:24:16,036 INFO     ___FILE_ONLY___ ═
2024-10-03 13:24:16,052 INFO     ___FILE_ONLY___ ═
2024-10-03 13:24:16,069 INFO     ___FILE_ONLY___ ═
2024-10-03 13:24:16,084 INFO     ___FILE_ONLY___ ═
2024-10-03 13:24:16,102 INFO     ___FILE_ONLY___ ═
2024-10-03 13:24:16,115 INFO     ___FILE_ONLY___ ═
2024-10-03 13:24:16,126 INFO     ___FILE_ONLY___ ═
2024-10-03 13:24:16,136 INFO     ___FILE_ONLY___ ═
2024-10-03 13:24:16,150 INFO     ___FILE_ONLY___ ═
2024-10-03 13:24:16,164 INFO     ___FILE_ONLY___ ═
2024-10-03 13:24:16,179 INFO     ___FILE_ONLY___ ═
2024-10-03 13:24:16,202 INFO     ___FILE_ONLY___ ═
2024-10-03 13:24:16,218 INFO     ___FILE_ONLY___ ═
2024-10-03 13:24:16,233 INFO     ___FILE_ONLY___ ═
2024-10-03 13:24:16,245 INFO     ___FILE_ONLY___ ═
2024-10-03 13:24:16,255 INFO     ___FILE_ONLY___ ═
2024-10-03 13:24:16,266 INFO     ___FILE_ONLY___ ═
2024-10-03 13:24:16,277 INFO     ___FILE_ONLY___ ═
2024-10-03 13:24:16,288 INFO     ___FILE_ONLY___ ═
2024-10-03 13:24:16,298 INFO     ___FILE_ONLY___ ═
2024-10-03 13:24:16,308 INFO     ___FILE_ONLY___ ═
2024-10-03 13:24:16,318 INFO     ___FILE_ONLY___ ═
2024-10-03 13:24:16,338 INFO     ___FILE_ONLY___ ═
2024-10-03 13:24:16,354 INFO     ___FILE_ONLY___ ═
2024-10-03 13:24:16,371 INFO     ___FILE_ONLY___ ═
2024-10-03 13:24:16,372 INFO     ___FILE_ONLY___ ╝

2024-10-03 13:24:16,424 INFO     ___FILE_ONLY___ ╔════════════════════════════════════════════════════════════╗

2024-10-03 13:24:16,424 INFO     ___FILE_ONLY___ ╠═ Installing: Cloud Storage Command Line Tool (Platform... ═╣

2024-10-03 13:24:16,424 INFO     ___FILE_ONLY___ ╚
2024-10-03 13:24:16,425 INFO     ___FILE_ONLY___ ════════════════════════════════════════════════════════════
2024-10-03 13:24:16,425 INFO     ___FILE_ONLY___ ╝

2024-10-03 13:24:16,431 INFO     ___FILE_ONLY___ ╔════════════════════════════════════════════════════════════╗

2024-10-03 13:24:16,431 INFO     ___FILE_ONLY___ ╠═ Installing: Default set of gcloud commands               ═╣

2024-10-03 13:24:16,431 INFO     ___FILE_ONLY___ ╚
2024-10-03 13:24:16,436 INFO     ___FILE_ONLY___ ════════════════════════════════════════════════════════════
2024-10-03 13:24:16,436 INFO     ___FILE_ONLY___ ╝

2024-10-03 13:24:16,437 INFO     ___FILE_ONLY___ ╔════════════════════════════════════════════════════════════╗

2024-10-03 13:24:16,438 INFO     ___FILE_ONLY___ ╠═ Installing: Google Cloud CLI Core Libraries (Platform... ═╣

2024-10-03 13:24:16,438 INFO     ___FILE_ONLY___ ╚
2024-10-03 13:24:16,439 INFO     ___FILE_ONLY___ ══════════════════════════════
2024-10-03 13:24:16,439 INFO     ___FILE_ONLY___ ══════════════════════════════
2024-10-03 13:24:16,439 INFO     ___FILE_ONLY___ ╝

2024-10-03 13:24:16,445 INFO     ___FILE_ONLY___ ╔════════════════════════════════════════════════════════════╗

2024-10-03 13:24:16,445 INFO     ___FILE_ONLY___ ╠═ Installing: Google Cloud CRC32C Hash Tool                ═╣

2024-10-03 13:24:16,446 INFO     ___FILE_ONLY___ ╚
2024-10-03 13:24:16,450 INFO     ___FILE_ONLY___ ════════════════════════════════════════════════════════════
2024-10-03 13:24:16,450 INFO     ___FILE_ONLY___ ╝

2024-10-03 13:24:16,452 INFO     ___FILE_ONLY___ ╔════════════════════════════════════════════════════════════╗

2024-10-03 13:24:16,452 INFO     ___FILE_ONLY___ ╠═ Installing: Google Cloud CRC32C Hash Tool (Platform S... ═╣

2024-10-03 13:24:16,452 INFO     ___FILE_ONLY___ ╚
2024-10-03 13:24:16,487 INFO     ___FILE_ONLY___ ══════════════════════════════
2024-10-03 13:24:16,487 INFO     ___FILE_ONLY___ ══════════════════════════════
2024-10-03 13:24:16,487 INFO     ___FILE_ONLY___ ╝

2024-10-03 13:24:16,494 INFO     ___FILE_ONLY___ ╔════════════════════════════════════════════════════════════╗

2024-10-03 13:24:16,494 INFO     ___FILE_ONLY___ ╠═ Installing: gcloud cli dependencies (Platform Specific)  ═╣

2024-10-03 13:24:16,494 INFO     ___FILE_ONLY___ ╚
2024-10-03 13:24:16,494 INFO     ___FILE_ONLY___ ════════════════════════════════════════════════════════════
2024-10-03 13:24:16,494 INFO     ___FILE_ONLY___ ╝

2024-10-03 13:24:16,502 DEBUG    root            Updating notification cache...
2024-10-03 13:24:16,502 INFO     ___FILE_ONLY___ 

2024-10-03 13:24:16,504 INFO     ___FILE_ONLY___ Performing post processing steps...
2024-10-03 13:24:16,504 DEBUG    root            Executing command: ['/tools/google-cloud-sdk/bin/gcloud', 'components', 'post-process']
2024-10-03 13:24:26,263 DEBUG    ___FILE_ONLY___ 
2024-10-03 13:24:26,263 DEBUG    ___FILE_ONLY___ 
2024-10-03 13:24:26,280 INFO     ___FILE_ONLY___ 
Update done!


2024-10-03 13:24:26,283 DEBUG    root            Chosen display Format:none
2024-10-03 13:24:26,283 INFO     root            Display format: "none"
